2023-10-01 21:18:35.228 +01:00 [INF] Now listening on: https://localhost:7134
2023-10-01 21:18:35.247 +01:00 [INF] Now listening on: http://localhost:5008
2023-10-01 21:18:35.259 +01:00 [INF] Application started. Press Ctrl+C to shut down.
2023-10-01 21:18:35.263 +01:00 [INF] Hosting environment: Development
2023-10-01 21:18:35.268 +01:00 [INF] Content root path: C:\UlCodingTask\StringIntegerCalculator_API
2023-10-01 21:18:36.561 +01:00 [INF] Request starting HTTP/2 GET https://localhost:7134/swagger/index.html - -
2023-10-01 21:18:43.173 +01:00 [INF] Request finished HTTP/2 GET https://localhost:7134/swagger/index.html - - - 200 - text/html;charset=utf-8 6615.2124ms
2023-10-01 21:18:43.186 +01:00 [INF] Request starting HTTP/2 GET https://localhost:7134/_framework/aspnetcore-browser-refresh.js - -
2023-10-01 21:18:43.201 +01:00 [INF] Request finished HTTP/2 GET https://localhost:7134/_framework/aspnetcore-browser-refresh.js - - - 200 12386 application/javascript;+charset=utf-8 14.5520ms
2023-10-01 21:18:43.205 +01:00 [INF] Request starting HTTP/2 GET https://localhost:7134/_vs/browserLink - -
2023-10-01 21:18:43.244 +01:00 [INF] Request finished HTTP/2 GET https://localhost:7134/_vs/browserLink - - - 200 - text/javascript;+charset=UTF-8 38.9835ms
2023-10-01 21:18:43.432 +01:00 [INF] Request starting HTTP/2 GET https://localhost:7134/swagger/v1/swagger.json - -
2023-10-01 21:18:45.960 +01:00 [INF] Request finished HTTP/2 GET https://localhost:7134/swagger/v1/swagger.json - - - 200 - application/json;charset=utf-8 2528.0897ms
2023-10-01 21:19:06.448 +01:00 [INF] Request starting HTTP/2 GET https://localhost:7134/api/MathExpression?expression=4%2B5%2A2 - -
2023-10-01 21:19:09.354 +01:00 [INF] Executing endpoint 'StringIntegerCalculator_API.Controllers.MathExpressionController.Evaluate (StringIntegerCalculator_API)'
2023-10-01 21:19:09.383 +01:00 [INF] Route matched with {action = "Evaluate", controller = "MathExpression"}. Executing controller action with signature Microsoft.AspNetCore.Mvc.IActionResult Evaluate(System.String) on controller StringIntegerCalculator_API.Controllers.MathExpressionController (StringIntegerCalculator_API).
2023-10-01 21:19:11.956 +01:00 [INF] Executing OkObjectResult, writing value of type '<>f__AnonymousType0`2[[System.String, System.Private.CoreLib, Version=7.0.0.0, Culture=neutral, PublicKeyToken=7cec85d7bea7798e],[System.Double, System.Private.CoreLib, Version=7.0.0.0, Culture=neutral, PublicKeyToken=7cec85d7bea7798e]]'.
2023-10-01 21:19:11.979 +01:00 [INF] Executed action StringIntegerCalculator_API.Controllers.MathExpressionController.Evaluate (StringIntegerCalculator_API) in 2589.4761ms
2023-10-01 21:19:11.981 +01:00 [INF] Executed endpoint 'StringIntegerCalculator_API.Controllers.MathExpressionController.Evaluate (StringIntegerCalculator_API)'
2023-10-01 21:19:11.982 +01:00 [INF] Request finished HTTP/2 GET https://localhost:7134/api/MathExpression?expression=4%2B5%2A2 - - - 200 - application/json;+charset=utf-8 5533.5800ms
2023-10-02 10:23:51.244 +01:00 [INF] User profile is available. Using 'C:\Users\cex\AppData\Local\ASP.NET\DataProtection-Keys' as key repository and Windows DPAPI to encrypt keys at rest.
2023-10-02 10:23:51.654 +01:00 [INF] Now listening on: https://localhost:7134
2023-10-02 10:23:51.657 +01:00 [INF] Now listening on: http://localhost:5008
2023-10-02 10:23:51.666 +01:00 [INF] Application started. Press Ctrl+C to shut down.
2023-10-02 10:23:51.669 +01:00 [INF] Hosting environment: Development
2023-10-02 10:23:51.672 +01:00 [INF] Content root path: C:\UlCodingTask\StringIntegerCalculator_API
2023-10-02 10:23:53.566 +01:00 [INF] Request starting HTTP/2 GET https://localhost:7134/swagger/index.html - -
2023-10-02 10:24:01.239 +01:00 [INF] Request finished HTTP/2 GET https://localhost:7134/swagger/index.html - - - 200 - text/html;charset=utf-8 7675.3667ms
2023-10-02 10:24:01.251 +01:00 [INF] Request starting HTTP/2 GET https://localhost:7134/_framework/aspnetcore-browser-refresh.js - -
2023-10-02 10:24:01.261 +01:00 [INF] Request finished HTTP/2 GET https://localhost:7134/_framework/aspnetcore-browser-refresh.js - - - 200 12386 application/javascript;+charset=utf-8 9.3320ms
2023-10-02 10:24:01.266 +01:00 [INF] Request starting HTTP/2 GET https://localhost:7134/_vs/browserLink - -
2023-10-02 10:24:01.330 +01:00 [INF] Request finished HTTP/2 GET https://localhost:7134/_vs/browserLink - - - 200 - text/javascript;+charset=UTF-8 63.5186ms
2023-10-02 10:24:01.739 +01:00 [INF] Request starting HTTP/2 GET https://localhost:7134/swagger/v1/swagger.json - -
2023-10-02 10:24:02.024 +01:00 [INF] Request finished HTTP/2 GET https://localhost:7134/swagger/v1/swagger.json - - - 200 - application/json;charset=utf-8 284.6661ms
2023-10-02 10:24:38.581 +01:00 [INF] Request starting HTTP/2 POST https://localhost:7134/api/Authentication/login application/json 45
2023-10-02 10:24:38.609 +01:00 [INF] Executing endpoint 'StringIntegerCalculator_API.Controllers.AuthenticationController.Login (StringIntegerCalculator_API)'
2023-10-02 10:24:38.642 +01:00 [INF] Route matched with {action = "Login", controller = "Authentication"}. Executing controller action with signature Microsoft.AspNetCore.Mvc.IActionResult Login(StringCalculator.Core.Entities.LoginModel) on controller StringIntegerCalculator_API.Controllers.AuthenticationController (StringIntegerCalculator_API).
2023-10-02 10:24:38.652 +01:00 [INF] Executed action StringIntegerCalculator_API.Controllers.AuthenticationController.Login (StringIntegerCalculator_API) in 3.592ms
2023-10-02 10:24:38.656 +01:00 [INF] Executed endpoint 'StringIntegerCalculator_API.Controllers.AuthenticationController.Login (StringIntegerCalculator_API)'
2023-10-02 10:24:38.803 +01:00 [ERR] Unable to resolve service for type 'StringCalculator.Core.Entities.AppUser' while attempting to activate 'StringIntegerCalculator_API.Controllers.AuthenticationController'.
System.InvalidOperationException: Unable to resolve service for type 'StringCalculator.Core.Entities.AppUser' while attempting to activate 'StringIntegerCalculator_API.Controllers.AuthenticationController'.
   at Microsoft.Extensions.DependencyInjection.ActivatorUtilities.GetService(IServiceProvider sp, Type type, Type requiredBy, Boolean isDefaultParameterRequired)
   at lambda_method3(Closure, IServiceProvider, Object[])
   at Microsoft.AspNetCore.Mvc.Controllers.ControllerFactoryProvider.<>c__DisplayClass6_0.<CreateControllerFactory>g__CreateController|0(ControllerContext controllerContext)
   at Microsoft.AspNetCore.Mvc.Infrastructure.ControllerActionInvoker.Next(State& next, Scope& scope, Object& state, Boolean& isCompleted)
   at Microsoft.AspNetCore.Mvc.Infrastructure.ControllerActionInvoker.InvokeInnerFilterAsync()
--- End of stack trace from previous location ---
   at Microsoft.AspNetCore.Mvc.Infrastructure.ResourceInvoker.<InvokeFilterPipelineAsync>g__Awaited|20_0(ResourceInvoker invoker, Task lastTask, State next, Scope scope, Object state, Boolean isCompleted)
   at Microsoft.AspNetCore.Mvc.Infrastructure.ResourceInvoker.<InvokeAsync>g__Logged|17_1(ResourceInvoker invoker)
   at Microsoft.AspNetCore.Mvc.Infrastructure.ResourceInvoker.<InvokeAsync>g__Logged|17_1(ResourceInvoker invoker)
   at Microsoft.AspNetCore.Routing.EndpointMiddleware.<Invoke>g__AwaitRequestTask|6_0(Endpoint endpoint, Task requestTask, ILogger logger)
   at Microsoft.AspNetCore.Authorization.AuthorizationMiddleware.Invoke(HttpContext context)
   at Swashbuckle.AspNetCore.SwaggerUI.SwaggerUIMiddleware.Invoke(HttpContext httpContext)
   at Swashbuckle.AspNetCore.Swagger.SwaggerMiddleware.Invoke(HttpContext httpContext, ISwaggerProvider swaggerProvider)
   at StringIntegerCalculator_API.ExceptionMiddlewareHandler.ExceptionMiddleware.Invoke(HttpContext context) in C:\UlCodingTask\StringIntegerCalculator_API\ExceptionMiddlewareHandler\ExceptionMiddleware.cs:line 24
2023-10-02 10:24:38.816 +01:00 [INF] Request finished HTTP/2 POST https://localhost:7134/api/Authentication/login application/json 45 - 500 - application/json 235.1006ms
2023-10-02 10:25:30.209 +01:00 [INF] Request starting HTTP/2 POST https://localhost:7134/api/Authentication/login application/json 46
2023-10-02 10:25:30.220 +01:00 [INF] Executing endpoint 'StringIntegerCalculator_API.Controllers.AuthenticationController.Login (StringIntegerCalculator_API)'
2023-10-02 10:25:30.220 +01:00 [INF] Route matched with {action = "Login", controller = "Authentication"}. Executing controller action with signature Microsoft.AspNetCore.Mvc.IActionResult Login(StringCalculator.Core.Entities.LoginModel) on controller StringIntegerCalculator_API.Controllers.AuthenticationController (StringIntegerCalculator_API).
2023-10-02 10:25:30.221 +01:00 [INF] Executed action StringIntegerCalculator_API.Controllers.AuthenticationController.Login (StringIntegerCalculator_API) in 1.0813ms
2023-10-02 10:25:30.222 +01:00 [INF] Executed endpoint 'StringIntegerCalculator_API.Controllers.AuthenticationController.Login (StringIntegerCalculator_API)'
2023-10-02 10:25:30.262 +01:00 [ERR] Unable to resolve service for type 'StringCalculator.Core.Entities.AppUser' while attempting to activate 'StringIntegerCalculator_API.Controllers.AuthenticationController'.
System.InvalidOperationException: Unable to resolve service for type 'StringCalculator.Core.Entities.AppUser' while attempting to activate 'StringIntegerCalculator_API.Controllers.AuthenticationController'.
   at Microsoft.Extensions.DependencyInjection.ActivatorUtilities.GetService(IServiceProvider sp, Type type, Type requiredBy, Boolean isDefaultParameterRequired)
   at lambda_method3(Closure, IServiceProvider, Object[])
   at Microsoft.AspNetCore.Mvc.Controllers.ControllerFactoryProvider.<>c__DisplayClass6_0.<CreateControllerFactory>g__CreateController|0(ControllerContext controllerContext)
   at Microsoft.AspNetCore.Mvc.Infrastructure.ControllerActionInvoker.Next(State& next, Scope& scope, Object& state, Boolean& isCompleted)
   at Microsoft.AspNetCore.Mvc.Infrastructure.ControllerActionInvoker.InvokeInnerFilterAsync()
--- End of stack trace from previous location ---
   at Microsoft.AspNetCore.Mvc.Infrastructure.ResourceInvoker.<InvokeFilterPipelineAsync>g__Awaited|20_0(ResourceInvoker invoker, Task lastTask, State next, Scope scope, Object state, Boolean isCompleted)
   at Microsoft.AspNetCore.Mvc.Infrastructure.ResourceInvoker.<InvokeAsync>g__Logged|17_1(ResourceInvoker invoker)
   at Microsoft.AspNetCore.Mvc.Infrastructure.ResourceInvoker.<InvokeAsync>g__Logged|17_1(ResourceInvoker invoker)
   at Microsoft.AspNetCore.Routing.EndpointMiddleware.<Invoke>g__AwaitRequestTask|6_0(Endpoint endpoint, Task requestTask, ILogger logger)
   at Microsoft.AspNetCore.Authorization.AuthorizationMiddleware.Invoke(HttpContext context)
   at Swashbuckle.AspNetCore.SwaggerUI.SwaggerUIMiddleware.Invoke(HttpContext httpContext)
   at Swashbuckle.AspNetCore.Swagger.SwaggerMiddleware.Invoke(HttpContext httpContext, ISwaggerProvider swaggerProvider)
   at StringIntegerCalculator_API.ExceptionMiddlewareHandler.ExceptionMiddleware.Invoke(HttpContext context) in C:\UlCodingTask\StringIntegerCalculator_API\ExceptionMiddlewareHandler\ExceptionMiddleware.cs:line 24
2023-10-02 10:25:30.264 +01:00 [INF] Request finished HTTP/2 POST https://localhost:7134/api/Authentication/login application/json 46 - 500 - application/json 55.7133ms
2023-10-02 10:25:33.092 +01:00 [INF] Request starting HTTP/2 POST https://localhost:7134/api/Authentication/login application/json 46
2023-10-02 10:25:33.092 +01:00 [INF] Executing endpoint 'StringIntegerCalculator_API.Controllers.AuthenticationController.Login (StringIntegerCalculator_API)'
2023-10-02 10:25:33.092 +01:00 [INF] Route matched with {action = "Login", controller = "Authentication"}. Executing controller action with signature Microsoft.AspNetCore.Mvc.IActionResult Login(StringCalculator.Core.Entities.LoginModel) on controller StringIntegerCalculator_API.Controllers.AuthenticationController (StringIntegerCalculator_API).
2023-10-02 10:25:33.093 +01:00 [INF] Executed action StringIntegerCalculator_API.Controllers.AuthenticationController.Login (StringIntegerCalculator_API) in 0.8123ms
2023-10-02 10:25:33.094 +01:00 [INF] Executed endpoint 'StringIntegerCalculator_API.Controllers.AuthenticationController.Login (StringIntegerCalculator_API)'
2023-10-02 10:25:33.144 +01:00 [ERR] Unable to resolve service for type 'StringCalculator.Core.Entities.AppUser' while attempting to activate 'StringIntegerCalculator_API.Controllers.AuthenticationController'.
System.InvalidOperationException: Unable to resolve service for type 'StringCalculator.Core.Entities.AppUser' while attempting to activate 'StringIntegerCalculator_API.Controllers.AuthenticationController'.
   at Microsoft.Extensions.DependencyInjection.ActivatorUtilities.GetService(IServiceProvider sp, Type type, Type requiredBy, Boolean isDefaultParameterRequired)
   at lambda_method3(Closure, IServiceProvider, Object[])
   at Microsoft.AspNetCore.Mvc.Controllers.ControllerFactoryProvider.<>c__DisplayClass6_0.<CreateControllerFactory>g__CreateController|0(ControllerContext controllerContext)
   at Microsoft.AspNetCore.Mvc.Infrastructure.ControllerActionInvoker.Next(State& next, Scope& scope, Object& state, Boolean& isCompleted)
   at Microsoft.AspNetCore.Mvc.Infrastructure.ControllerActionInvoker.InvokeInnerFilterAsync()
--- End of stack trace from previous location ---
   at Microsoft.AspNetCore.Mvc.Infrastructure.ResourceInvoker.<InvokeFilterPipelineAsync>g__Awaited|20_0(ResourceInvoker invoker, Task lastTask, State next, Scope scope, Object state, Boolean isCompleted)
   at Microsoft.AspNetCore.Mvc.Infrastructure.ResourceInvoker.<InvokeAsync>g__Logged|17_1(ResourceInvoker invoker)
   at Microsoft.AspNetCore.Mvc.Infrastructure.ResourceInvoker.<InvokeAsync>g__Logged|17_1(ResourceInvoker invoker)
   at Microsoft.AspNetCore.Routing.EndpointMiddleware.<Invoke>g__AwaitRequestTask|6_0(Endpoint endpoint, Task requestTask, ILogger logger)
   at Microsoft.AspNetCore.Authorization.AuthorizationMiddleware.Invoke(HttpContext context)
   at Swashbuckle.AspNetCore.SwaggerUI.SwaggerUIMiddleware.Invoke(HttpContext httpContext)
   at Swashbuckle.AspNetCore.Swagger.SwaggerMiddleware.Invoke(HttpContext httpContext, ISwaggerProvider swaggerProvider)
   at StringIntegerCalculator_API.ExceptionMiddlewareHandler.ExceptionMiddleware.Invoke(HttpContext context) in C:\UlCodingTask\StringIntegerCalculator_API\ExceptionMiddlewareHandler\ExceptionMiddleware.cs:line 24
2023-10-02 10:25:33.147 +01:00 [INF] Request finished HTTP/2 POST https://localhost:7134/api/Authentication/login application/json 46 - 500 - application/json 54.7206ms
2023-10-02 10:25:34.318 +01:00 [INF] Request starting HTTP/2 POST https://localhost:7134/api/Authentication/login application/json 46
2023-10-02 10:25:34.318 +01:00 [INF] Executing endpoint 'StringIntegerCalculator_API.Controllers.AuthenticationController.Login (StringIntegerCalculator_API)'
2023-10-02 10:25:34.318 +01:00 [INF] Route matched with {action = "Login", controller = "Authentication"}. Executing controller action with signature Microsoft.AspNetCore.Mvc.IActionResult Login(StringCalculator.Core.Entities.LoginModel) on controller StringIntegerCalculator_API.Controllers.AuthenticationController (StringIntegerCalculator_API).
2023-10-02 10:25:34.319 +01:00 [INF] Executed action StringIntegerCalculator_API.Controllers.AuthenticationController.Login (StringIntegerCalculator_API) in 0.8349ms
2023-10-02 10:25:34.320 +01:00 [INF] Executed endpoint 'StringIntegerCalculator_API.Controllers.AuthenticationController.Login (StringIntegerCalculator_API)'
2023-10-02 10:25:34.357 +01:00 [ERR] Unable to resolve service for type 'StringCalculator.Core.Entities.AppUser' while attempting to activate 'StringIntegerCalculator_API.Controllers.AuthenticationController'.
System.InvalidOperationException: Unable to resolve service for type 'StringCalculator.Core.Entities.AppUser' while attempting to activate 'StringIntegerCalculator_API.Controllers.AuthenticationController'.
   at Microsoft.Extensions.DependencyInjection.ActivatorUtilities.GetService(IServiceProvider sp, Type type, Type requiredBy, Boolean isDefaultParameterRequired)
   at lambda_method3(Closure, IServiceProvider, Object[])
   at Microsoft.AspNetCore.Mvc.Controllers.ControllerFactoryProvider.<>c__DisplayClass6_0.<CreateControllerFactory>g__CreateController|0(ControllerContext controllerContext)
   at Microsoft.AspNetCore.Mvc.Infrastructure.ControllerActionInvoker.Next(State& next, Scope& scope, Object& state, Boolean& isCompleted)
   at Microsoft.AspNetCore.Mvc.Infrastructure.ControllerActionInvoker.InvokeInnerFilterAsync()
--- End of stack trace from previous location ---
   at Microsoft.AspNetCore.Mvc.Infrastructure.ResourceInvoker.<InvokeFilterPipelineAsync>g__Awaited|20_0(ResourceInvoker invoker, Task lastTask, State next, Scope scope, Object state, Boolean isCompleted)
   at Microsoft.AspNetCore.Mvc.Infrastructure.ResourceInvoker.<InvokeAsync>g__Logged|17_1(ResourceInvoker invoker)
   at Microsoft.AspNetCore.Mvc.Infrastructure.ResourceInvoker.<InvokeAsync>g__Logged|17_1(ResourceInvoker invoker)
   at Microsoft.AspNetCore.Routing.EndpointMiddleware.<Invoke>g__AwaitRequestTask|6_0(Endpoint endpoint, Task requestTask, ILogger logger)
   at Microsoft.AspNetCore.Authorization.AuthorizationMiddleware.Invoke(HttpContext context)
   at Swashbuckle.AspNetCore.SwaggerUI.SwaggerUIMiddleware.Invoke(HttpContext httpContext)
   at Swashbuckle.AspNetCore.Swagger.SwaggerMiddleware.Invoke(HttpContext httpContext, ISwaggerProvider swaggerProvider)
   at StringIntegerCalculator_API.ExceptionMiddlewareHandler.ExceptionMiddleware.Invoke(HttpContext context) in C:\UlCodingTask\StringIntegerCalculator_API\ExceptionMiddlewareHandler\ExceptionMiddleware.cs:line 24
2023-10-02 10:25:34.358 +01:00 [INF] Request finished HTTP/2 POST https://localhost:7134/api/Authentication/login application/json 46 - 500 - application/json 40.3012ms
2023-10-02 10:26:06.745 +01:00 [INF] Request starting HTTP/2 POST https://localhost:7134/api/Authentication/login application/json 46
2023-10-02 10:26:06.745 +01:00 [INF] Executing endpoint 'StringIntegerCalculator_API.Controllers.AuthenticationController.Login (StringIntegerCalculator_API)'
2023-10-02 10:26:06.747 +01:00 [INF] Route matched with {action = "Login", controller = "Authentication"}. Executing controller action with signature Microsoft.AspNetCore.Mvc.IActionResult Login(StringCalculator.Core.Entities.LoginModel) on controller StringIntegerCalculator_API.Controllers.AuthenticationController (StringIntegerCalculator_API).
2023-10-02 10:26:06.785 +01:00 [INF] Executed action StringIntegerCalculator_API.Controllers.AuthenticationController.Login (StringIntegerCalculator_API) in 38.2651ms
2023-10-02 10:26:06.786 +01:00 [INF] Executed endpoint 'StringIntegerCalculator_API.Controllers.AuthenticationController.Login (StringIntegerCalculator_API)'
2023-10-02 10:26:06.825 +01:00 [ERR] Unable to resolve service for type 'StringCalculator.Core.Entities.AppUser' while attempting to activate 'StringIntegerCalculator_API.Controllers.AuthenticationController'.
System.InvalidOperationException: Unable to resolve service for type 'StringCalculator.Core.Entities.AppUser' while attempting to activate 'StringIntegerCalculator_API.Controllers.AuthenticationController'.
   at Microsoft.Extensions.DependencyInjection.ActivatorUtilities.GetService(IServiceProvider sp, Type type, Type requiredBy, Boolean isDefaultParameterRequired)
   at lambda_method3(Closure, IServiceProvider, Object[])
   at Microsoft.AspNetCore.Mvc.Controllers.ControllerFactoryProvider.<>c__DisplayClass6_0.<CreateControllerFactory>g__CreateController|0(ControllerContext controllerContext)
   at Microsoft.AspNetCore.Mvc.Infrastructure.ControllerActionInvoker.Next(State& next, Scope& scope, Object& state, Boolean& isCompleted)
   at Microsoft.AspNetCore.Mvc.Infrastructure.ControllerActionInvoker.InvokeInnerFilterAsync()
--- End of stack trace from previous location ---
   at Microsoft.AspNetCore.Mvc.Infrastructure.ResourceInvoker.<InvokeFilterPipelineAsync>g__Awaited|20_0(ResourceInvoker invoker, Task lastTask, State next, Scope scope, Object state, Boolean isCompleted)
   at Microsoft.AspNetCore.Mvc.Infrastructure.ResourceInvoker.<InvokeAsync>g__Logged|17_1(ResourceInvoker invoker)
   at Microsoft.AspNetCore.Mvc.Infrastructure.ResourceInvoker.<InvokeAsync>g__Logged|17_1(ResourceInvoker invoker)
   at Microsoft.AspNetCore.Routing.EndpointMiddleware.<Invoke>g__AwaitRequestTask|6_0(Endpoint endpoint, Task requestTask, ILogger logger)
   at Microsoft.AspNetCore.Authorization.AuthorizationMiddleware.Invoke(HttpContext context)
   at Swashbuckle.AspNetCore.SwaggerUI.SwaggerUIMiddleware.Invoke(HttpContext httpContext)
   at Swashbuckle.AspNetCore.Swagger.SwaggerMiddleware.Invoke(HttpContext httpContext, ISwaggerProvider swaggerProvider)
   at StringIntegerCalculator_API.ExceptionMiddlewareHandler.ExceptionMiddleware.Invoke(HttpContext context) in C:\UlCodingTask\StringIntegerCalculator_API\ExceptionMiddlewareHandler\ExceptionMiddleware.cs:line 24
2023-10-02 10:26:06.827 +01:00 [INF] Request finished HTTP/2 POST https://localhost:7134/api/Authentication/login application/json 46 - 500 - application/json 82.2167ms
2023-10-02 10:26:54.619 +01:00 [INF] Request starting HTTP/2 POST https://localhost:7134/api/Authentication/login application/json 46
2023-10-02 10:26:54.622 +01:00 [INF] Executing endpoint 'StringIntegerCalculator_API.Controllers.AuthenticationController.Login (StringIntegerCalculator_API)'
2023-10-02 10:26:54.626 +01:00 [INF] Route matched with {action = "Login", controller = "Authentication"}. Executing controller action with signature Microsoft.AspNetCore.Mvc.IActionResult Login(StringCalculator.Core.Entities.LoginModel) on controller StringIntegerCalculator_API.Controllers.AuthenticationController (StringIntegerCalculator_API).
2023-10-02 10:26:54.632 +01:00 [INF] Executed action StringIntegerCalculator_API.Controllers.AuthenticationController.Login (StringIntegerCalculator_API) in 3.4395ms
2023-10-02 10:26:54.633 +01:00 [INF] Executed endpoint 'StringIntegerCalculator_API.Controllers.AuthenticationController.Login (StringIntegerCalculator_API)'
2023-10-02 10:26:54.673 +01:00 [ERR] Unable to resolve service for type 'StringCalculator.Core.Entities.AppUser' while attempting to activate 'StringIntegerCalculator_API.Controllers.AuthenticationController'.
System.InvalidOperationException: Unable to resolve service for type 'StringCalculator.Core.Entities.AppUser' while attempting to activate 'StringIntegerCalculator_API.Controllers.AuthenticationController'.
   at Microsoft.Extensions.DependencyInjection.ActivatorUtilities.GetService(IServiceProvider sp, Type type, Type requiredBy, Boolean isDefaultParameterRequired)
   at lambda_method3(Closure, IServiceProvider, Object[])
   at Microsoft.AspNetCore.Mvc.Controllers.ControllerFactoryProvider.<>c__DisplayClass6_0.<CreateControllerFactory>g__CreateController|0(ControllerContext controllerContext)
   at Microsoft.AspNetCore.Mvc.Infrastructure.ControllerActionInvoker.Next(State& next, Scope& scope, Object& state, Boolean& isCompleted)
   at Microsoft.AspNetCore.Mvc.Infrastructure.ControllerActionInvoker.InvokeInnerFilterAsync()
--- End of stack trace from previous location ---
   at Microsoft.AspNetCore.Mvc.Infrastructure.ResourceInvoker.<InvokeFilterPipelineAsync>g__Awaited|20_0(ResourceInvoker invoker, Task lastTask, State next, Scope scope, Object state, Boolean isCompleted)
   at Microsoft.AspNetCore.Mvc.Infrastructure.ResourceInvoker.<InvokeAsync>g__Logged|17_1(ResourceInvoker invoker)
   at Microsoft.AspNetCore.Mvc.Infrastructure.ResourceInvoker.<InvokeAsync>g__Logged|17_1(ResourceInvoker invoker)
   at Microsoft.AspNetCore.Routing.EndpointMiddleware.<Invoke>g__AwaitRequestTask|6_0(Endpoint endpoint, Task requestTask, ILogger logger)
   at Microsoft.AspNetCore.Authorization.AuthorizationMiddleware.Invoke(HttpContext context)
   at Swashbuckle.AspNetCore.SwaggerUI.SwaggerUIMiddleware.Invoke(HttpContext httpContext)
   at Swashbuckle.AspNetCore.Swagger.SwaggerMiddleware.Invoke(HttpContext httpContext, ISwaggerProvider swaggerProvider)
   at StringIntegerCalculator_API.ExceptionMiddlewareHandler.ExceptionMiddleware.Invoke(HttpContext context) in C:\UlCodingTask\StringIntegerCalculator_API\ExceptionMiddlewareHandler\ExceptionMiddleware.cs:line 24
2023-10-02 10:26:54.675 +01:00 [INF] Request finished HTTP/2 POST https://localhost:7134/api/Authentication/login application/json 46 - 500 - application/json 56.2458ms
2023-10-02 10:29:03.790 +01:00 [INF] User profile is available. Using 'C:\Users\cex\AppData\Local\ASP.NET\DataProtection-Keys' as key repository and Windows DPAPI to encrypt keys at rest.
2023-10-02 10:29:04.162 +01:00 [INF] Now listening on: https://localhost:7134
2023-10-02 10:29:04.166 +01:00 [INF] Now listening on: http://localhost:5008
2023-10-02 10:29:04.173 +01:00 [INF] Application started. Press Ctrl+C to shut down.
2023-10-02 10:29:04.176 +01:00 [INF] Hosting environment: Development
2023-10-02 10:29:04.179 +01:00 [INF] Content root path: C:\UlCodingTask\StringIntegerCalculator_API
2023-10-02 10:29:05.591 +01:00 [INF] Request starting HTTP/2 GET https://localhost:7134/swagger/index.html - -
2023-10-02 10:29:07.834 +01:00 [INF] Request starting HTTP/2 GET https://localhost:7134/_framework/aspnetcore-browser-refresh.js - -
2023-10-02 10:29:07.837 +01:00 [INF] Request starting HTTP/2 GET https://localhost:7134/_vs/browserLink - -
2023-10-02 10:29:07.841 +01:00 [INF] Request finished HTTP/2 GET https://localhost:7134/swagger/index.html - - - 200 - text/html;charset=utf-8 2252.5667ms
2023-10-02 10:29:07.876 +01:00 [INF] Request finished HTTP/2 GET https://localhost:7134/_framework/aspnetcore-browser-refresh.js - - - 200 12386 application/javascript;+charset=utf-8 42.3432ms
2023-10-02 10:29:07.888 +01:00 [INF] Request finished HTTP/2 GET https://localhost:7134/_vs/browserLink - - - 200 - text/javascript;+charset=UTF-8 51.7486ms
2023-10-02 10:29:08.277 +01:00 [INF] Request starting HTTP/2 GET https://localhost:7134/swagger/v1/swagger.json - -
2023-10-02 10:29:08.473 +01:00 [INF] Request finished HTTP/2 GET https://localhost:7134/swagger/v1/swagger.json - - - 200 - application/json;charset=utf-8 195.8921ms
2023-10-02 10:29:14.549 +01:00 [INF] Request starting HTTP/2 POST https://localhost:7134/api/Authentication/login application/json 48
2023-10-02 10:29:14.566 +01:00 [INF] Executing endpoint 'StringIntegerCalculator_API.Controllers.AuthenticationController.Login (StringIntegerCalculator_API)'
2023-10-02 10:29:14.596 +01:00 [INF] Route matched with {action = "Login", controller = "Authentication"}. Executing controller action with signature Microsoft.AspNetCore.Mvc.ActionResult Login(StringCalculator.Core.Entities.LoginModel) on controller StringIntegerCalculator_API.Controllers.AuthenticationController (StringIntegerCalculator_API).
2023-10-02 10:29:14.605 +01:00 [INF] Executed action StringIntegerCalculator_API.Controllers.AuthenticationController.Login (StringIntegerCalculator_API) in 2.4517ms
2023-10-02 10:29:14.608 +01:00 [INF] Executed endpoint 'StringIntegerCalculator_API.Controllers.AuthenticationController.Login (StringIntegerCalculator_API)'
2023-10-02 10:29:14.751 +01:00 [ERR] Unable to resolve service for type 'StringCalculator.Core.Entities.AppUser' while attempting to activate 'StringIntegerCalculator_API.Controllers.AuthenticationController'.
System.InvalidOperationException: Unable to resolve service for type 'StringCalculator.Core.Entities.AppUser' while attempting to activate 'StringIntegerCalculator_API.Controllers.AuthenticationController'.
   at Microsoft.Extensions.DependencyInjection.ActivatorUtilities.GetService(IServiceProvider sp, Type type, Type requiredBy, Boolean isDefaultParameterRequired)
   at lambda_method3(Closure, IServiceProvider, Object[])
   at Microsoft.AspNetCore.Mvc.Controllers.ControllerFactoryProvider.<>c__DisplayClass6_0.<CreateControllerFactory>g__CreateController|0(ControllerContext controllerContext)
   at Microsoft.AspNetCore.Mvc.Infrastructure.ControllerActionInvoker.Next(State& next, Scope& scope, Object& state, Boolean& isCompleted)
   at Microsoft.AspNetCore.Mvc.Infrastructure.ControllerActionInvoker.InvokeInnerFilterAsync()
--- End of stack trace from previous location ---
   at Microsoft.AspNetCore.Mvc.Infrastructure.ResourceInvoker.<InvokeFilterPipelineAsync>g__Awaited|20_0(ResourceInvoker invoker, Task lastTask, State next, Scope scope, Object state, Boolean isCompleted)
   at Microsoft.AspNetCore.Mvc.Infrastructure.ResourceInvoker.<InvokeAsync>g__Logged|17_1(ResourceInvoker invoker)
   at Microsoft.AspNetCore.Mvc.Infrastructure.ResourceInvoker.<InvokeAsync>g__Logged|17_1(ResourceInvoker invoker)
   at Microsoft.AspNetCore.Routing.EndpointMiddleware.<Invoke>g__AwaitRequestTask|6_0(Endpoint endpoint, Task requestTask, ILogger logger)
   at Microsoft.AspNetCore.Authorization.AuthorizationMiddleware.Invoke(HttpContext context)
   at Swashbuckle.AspNetCore.SwaggerUI.SwaggerUIMiddleware.Invoke(HttpContext httpContext)
   at Swashbuckle.AspNetCore.Swagger.SwaggerMiddleware.Invoke(HttpContext httpContext, ISwaggerProvider swaggerProvider)
   at StringIntegerCalculator_API.ExceptionMiddlewareHandler.ExceptionMiddleware.Invoke(HttpContext context) in C:\UlCodingTask\StringIntegerCalculator_API\ExceptionMiddlewareHandler\ExceptionMiddleware.cs:line 24
2023-10-02 10:29:14.762 +01:00 [INF] Request finished HTTP/2 POST https://localhost:7134/api/Authentication/login application/json 48 - 500 - application/json 213.1221ms
2023-10-02 10:31:23.818 +01:00 [INF] User profile is available. Using 'C:\Users\cex\AppData\Local\ASP.NET\DataProtection-Keys' as key repository and Windows DPAPI to encrypt keys at rest.
2023-10-02 10:31:24.190 +01:00 [INF] Now listening on: https://localhost:7134
2023-10-02 10:31:24.193 +01:00 [INF] Now listening on: http://localhost:5008
2023-10-02 10:31:24.203 +01:00 [INF] Application started. Press Ctrl+C to shut down.
2023-10-02 10:31:24.205 +01:00 [INF] Hosting environment: Development
2023-10-02 10:31:24.208 +01:00 [INF] Content root path: C:\UlCodingTask\StringIntegerCalculator_API
2023-10-02 10:31:25.452 +01:00 [INF] Request starting HTTP/2 GET https://localhost:7134/swagger/index.html - -
2023-10-02 10:31:26.052 +01:00 [INF] Request finished HTTP/2 GET https://localhost:7134/swagger/index.html - - - 200 - text/html;charset=utf-8 605.1945ms
2023-10-02 10:31:26.069 +01:00 [INF] Request starting HTTP/2 GET https://localhost:7134/_vs/browserLink - -
2023-10-02 10:31:26.069 +01:00 [INF] Request starting HTTP/2 GET https://localhost:7134/_framework/aspnetcore-browser-refresh.js - -
2023-10-02 10:31:26.115 +01:00 [INF] Request finished HTTP/2 GET https://localhost:7134/_framework/aspnetcore-browser-refresh.js - - - 200 12386 application/javascript;+charset=utf-8 46.1427ms
2023-10-02 10:31:26.128 +01:00 [INF] Request finished HTTP/2 GET https://localhost:7134/_vs/browserLink - - - 200 - text/javascript;+charset=UTF-8 58.9863ms
2023-10-02 10:31:26.261 +01:00 [INF] Request starting HTTP/2 GET https://localhost:7134/swagger/v1/swagger.json - -
2023-10-02 10:31:26.479 +01:00 [INF] Request finished HTTP/2 GET https://localhost:7134/swagger/v1/swagger.json - - - 200 - application/json;charset=utf-8 218.0382ms
2023-10-02 10:31:31.984 +01:00 [INF] Request starting HTTP/2 POST https://localhost:7134/api/Authentication/login application/json 48
2023-10-02 10:31:32.004 +01:00 [INF] Executing endpoint 'StringIntegerCalculator_API.Controllers.AuthenticationController.Login (StringIntegerCalculator_API)'
2023-10-02 10:31:32.035 +01:00 [INF] Route matched with {action = "Login", controller = "Authentication"}. Executing controller action with signature Microsoft.AspNetCore.Mvc.ActionResult Login(StringCalculator.Core.Entities.LoginModel) on controller StringIntegerCalculator_API.Controllers.AuthenticationController (StringIntegerCalculator_API).
2023-10-02 10:32:08.932 +01:00 [INF] Executing OkObjectResult, writing value of type '<>f__AnonymousType0`1[[System.String, System.Private.CoreLib, Version=7.0.0.0, Culture=neutral, PublicKeyToken=7cec85d7bea7798e]]'.
2023-10-02 10:32:08.943 +01:00 [INF] Executed action StringIntegerCalculator_API.Controllers.AuthenticationController.Login (StringIntegerCalculator_API) in 36901.5045ms
2023-10-02 10:32:08.945 +01:00 [INF] Executed endpoint 'StringIntegerCalculator_API.Controllers.AuthenticationController.Login (StringIntegerCalculator_API)'
2023-10-02 10:32:08.945 +01:00 [INF] Request finished HTTP/2 POST https://localhost:7134/api/Authentication/login application/json 48 - 200 - application/json;+charset=utf-8 36961.5959ms
2023-10-02 10:39:18.932 +01:00 [INF] User profile is available. Using 'C:\Users\cex\AppData\Local\ASP.NET\DataProtection-Keys' as key repository and Windows DPAPI to encrypt keys at rest.
2023-10-02 10:39:19.233 +01:00 [INF] Now listening on: https://localhost:7134
2023-10-02 10:39:19.236 +01:00 [INF] Now listening on: http://localhost:5008
2023-10-02 10:39:19.243 +01:00 [INF] Application started. Press Ctrl+C to shut down.
2023-10-02 10:39:19.246 +01:00 [INF] Hosting environment: Development
2023-10-02 10:39:19.249 +01:00 [INF] Content root path: C:\UlCodingTask\StringIntegerCalculator_API
2023-10-02 10:39:20.512 +01:00 [INF] Request starting HTTP/2 GET https://localhost:7134/swagger/index.html - -
2023-10-02 10:39:21.114 +01:00 [INF] Request starting HTTP/2 GET https://localhost:7134/_vs/browserLink - -
2023-10-02 10:39:21.114 +01:00 [INF] Request starting HTTP/2 GET https://localhost:7134/_framework/aspnetcore-browser-refresh.js - -
2023-10-02 10:39:21.116 +01:00 [INF] Request finished HTTP/2 GET https://localhost:7134/swagger/index.html - - - 200 - text/html;charset=utf-8 608.1371ms
2023-10-02 10:39:21.140 +01:00 [INF] Request finished HTTP/2 GET https://localhost:7134/_framework/aspnetcore-browser-refresh.js - - - 200 12386 application/javascript;+charset=utf-8 26.3669ms
2023-10-02 10:39:21.151 +01:00 [INF] Request finished HTTP/2 GET https://localhost:7134/_vs/browserLink - - - 200 - text/javascript;+charset=UTF-8 36.8324ms
2023-10-02 10:39:21.316 +01:00 [INF] Request starting HTTP/2 GET https://localhost:7134/swagger/v1/swagger.json - -
2023-10-02 10:39:21.524 +01:00 [INF] Request finished HTTP/2 GET https://localhost:7134/swagger/v1/swagger.json - - - 200 - application/json;charset=utf-8 208.2718ms
2023-10-02 10:40:11.219 +01:00 [INF] Request starting HTTP/2 GET https://localhost:7134/api/MathExpression?expression=4%2B5%2A2 - -
2023-10-02 10:40:11.249 +01:00 [INF] Authorization failed. These requirements were not met:
DenyAnonymousAuthorizationRequirement: Requires an authenticated user.
2023-10-02 10:40:11.255 +01:00 [INF] AuthenticationScheme: Bearer was challenged.
2023-10-02 10:40:11.255 +01:00 [INF] Request finished HTTP/2 GET https://localhost:7134/api/MathExpression?expression=4%2B5%2A2 - - - 401 0 - 36.7313ms
2023-10-02 10:44:00.818 +01:00 [INF] Request starting HTTP/1.1 POST https://localhost:7134/api/Authentication/login application/json 51
2023-10-02 10:44:00.826 +01:00 [INF] Executing endpoint 'StringIntegerCalculator_API.Controllers.AuthenticationController.Login (StringIntegerCalculator_API)'
2023-10-02 10:44:00.864 +01:00 [INF] Route matched with {action = "Login", controller = "Authentication"}. Executing controller action with signature Microsoft.AspNetCore.Mvc.ActionResult Login(StringCalculator.Core.Entities.LoginModel) on controller StringIntegerCalculator_API.Controllers.AuthenticationController (StringIntegerCalculator_API).
2023-10-02 10:44:13.011 +01:00 [INF] Executing OkObjectResult, writing value of type '<>f__AnonymousType0`1[[System.String, System.Private.CoreLib, Version=7.0.0.0, Culture=neutral, PublicKeyToken=7cec85d7bea7798e]]'.
2023-10-02 10:44:13.032 +01:00 [INF] Executed action StringIntegerCalculator_API.Controllers.AuthenticationController.Login (StringIntegerCalculator_API) in 12162.339ms
2023-10-02 10:44:13.034 +01:00 [INF] Executed endpoint 'StringIntegerCalculator_API.Controllers.AuthenticationController.Login (StringIntegerCalculator_API)'
2023-10-02 10:44:13.034 +01:00 [INF] Request finished HTTP/1.1 POST https://localhost:7134/api/Authentication/login application/json 51 - 200 - application/json;+charset=utf-8 12216.1740ms
2023-10-02 10:48:26.124 +01:00 [INF] Request starting HTTP/1.1 POST https://localhost:7134/api/Authentication/login application/json 51
2023-10-02 10:48:26.126 +01:00 [INF] Executing endpoint 'StringIntegerCalculator_API.Controllers.AuthenticationController.Login (StringIntegerCalculator_API)'
2023-10-02 10:48:26.127 +01:00 [INF] Route matched with {action = "Login", controller = "Authentication"}. Executing controller action with signature Microsoft.AspNetCore.Mvc.ActionResult Login(StringCalculator.Core.Entities.LoginModel) on controller StringIntegerCalculator_API.Controllers.AuthenticationController (StringIntegerCalculator_API).
2023-10-02 10:48:30.466 +01:00 [INF] Executing OkObjectResult, writing value of type '<>f__AnonymousType0`1[[System.String, System.Private.CoreLib, Version=7.0.0.0, Culture=neutral, PublicKeyToken=7cec85d7bea7798e]]'.
2023-10-02 10:48:30.467 +01:00 [INF] Executed action StringIntegerCalculator_API.Controllers.AuthenticationController.Login (StringIntegerCalculator_API) in 4339.4012ms
2023-10-02 10:48:30.467 +01:00 [INF] Executed endpoint 'StringIntegerCalculator_API.Controllers.AuthenticationController.Login (StringIntegerCalculator_API)'
2023-10-02 10:48:30.467 +01:00 [INF] Request finished HTTP/1.1 POST https://localhost:7134/api/Authentication/login application/json 51 - 200 - application/json;+charset=utf-8 4344.0083ms
2023-10-02 10:53:49.243 +01:00 [INF] Request starting HTTP/1.1 POST https://localhost:7134/api/Authentication/login application/json 51
2023-10-02 10:53:49.270 +01:00 [INF] Executing endpoint 'StringIntegerCalculator_API.Controllers.AuthenticationController.Login (StringIntegerCalculator_API)'
2023-10-02 10:53:49.272 +01:00 [INF] Route matched with {action = "Login", controller = "Authentication"}. Executing controller action with signature Microsoft.AspNetCore.Mvc.ActionResult Login(StringCalculator.Core.Entities.LoginModel) on controller StringIntegerCalculator_API.Controllers.AuthenticationController (StringIntegerCalculator_API).
2023-10-02 10:53:51.937 +01:00 [INF] Executing OkObjectResult, writing value of type '<>f__AnonymousType0`1[[System.String, System.Private.CoreLib, Version=7.0.0.0, Culture=neutral, PublicKeyToken=7cec85d7bea7798e]]'.
2023-10-02 10:53:51.938 +01:00 [INF] Executed action StringIntegerCalculator_API.Controllers.AuthenticationController.Login (StringIntegerCalculator_API) in 2666.0702ms
2023-10-02 10:53:51.938 +01:00 [INF] Executed endpoint 'StringIntegerCalculator_API.Controllers.AuthenticationController.Login (StringIntegerCalculator_API)'
2023-10-02 10:53:51.938 +01:00 [INF] Request finished HTTP/1.1 POST https://localhost:7134/api/Authentication/login application/json 51 - 200 - application/json;+charset=utf-8 2695.5904ms
2023-10-02 10:54:18.177 +01:00 [INF] Request starting HTTP/1.1 GET https://localhost:7134/api/MathExpression - -
2023-10-02 10:54:18.213 +01:00 [INF] Bearer was not authenticated. Failure message: No SecurityTokenValidator available for token.
2023-10-02 10:54:18.215 +01:00 [INF] Authorization failed. These requirements were not met:
DenyAnonymousAuthorizationRequirement: Requires an authenticated user.
2023-10-02 10:54:18.217 +01:00 [INF] AuthenticationScheme: Bearer was challenged.
2023-10-02 10:54:18.217 +01:00 [INF] Request finished HTTP/1.1 GET https://localhost:7134/api/MathExpression - - - 401 0 - 39.7198ms
2023-10-02 10:56:26.457 +01:00 [INF] Request starting HTTP/1.1 GET https://localhost:7134/api/MathExpression - -
2023-10-02 10:56:26.538 +01:00 [INF] Executing endpoint 'StringIntegerCalculator_API.Controllers.MathExpressionController.Evaluate (StringIntegerCalculator_API)'
2023-10-02 10:56:26.544 +01:00 [INF] Route matched with {action = "Evaluate", controller = "MathExpression"}. Executing controller action with signature Microsoft.AspNetCore.Mvc.IActionResult Evaluate(System.String) on controller StringIntegerCalculator_API.Controllers.MathExpressionController (StringIntegerCalculator_API).
2023-10-02 10:56:26.551 +01:00 [INF] Executing BadRequestObjectResult, writing value of type 'Microsoft.AspNetCore.Mvc.ValidationProblemDetails'.
2023-10-02 10:56:26.555 +01:00 [INF] Executed action StringIntegerCalculator_API.Controllers.MathExpressionController.Evaluate (StringIntegerCalculator_API) in 11.1008ms
2023-10-02 10:56:26.556 +01:00 [INF] Executed endpoint 'StringIntegerCalculator_API.Controllers.MathExpressionController.Evaluate (StringIntegerCalculator_API)'
2023-10-02 10:56:26.556 +01:00 [INF] Request finished HTTP/1.1 GET https://localhost:7134/api/MathExpression - - - 400 - application/problem+json;+charset=utf-8 100.7560ms
2023-10-02 10:57:09.481 +01:00 [INF] Request starting HTTP/1.1 GET https://localhost:7134/api/MathExpression application/json 5
2023-10-02 10:57:09.514 +01:00 [INF] Executing endpoint 'StringIntegerCalculator_API.Controllers.MathExpressionController.Evaluate (StringIntegerCalculator_API)'
2023-10-02 10:57:09.514 +01:00 [INF] Route matched with {action = "Evaluate", controller = "MathExpression"}. Executing controller action with signature Microsoft.AspNetCore.Mvc.IActionResult Evaluate(System.String) on controller StringIntegerCalculator_API.Controllers.MathExpressionController (StringIntegerCalculator_API).
2023-10-02 10:57:09.516 +01:00 [INF] Executing BadRequestObjectResult, writing value of type 'Microsoft.AspNetCore.Mvc.ValidationProblemDetails'.
2023-10-02 10:57:09.516 +01:00 [INF] Executed action StringIntegerCalculator_API.Controllers.MathExpressionController.Evaluate (StringIntegerCalculator_API) in 1.9317ms
2023-10-02 10:57:09.516 +01:00 [INF] Executed endpoint 'StringIntegerCalculator_API.Controllers.MathExpressionController.Evaluate (StringIntegerCalculator_API)'
2023-10-02 10:57:09.516 +01:00 [INF] Request finished HTTP/1.1 GET https://localhost:7134/api/MathExpression application/json 5 - 400 - application/problem+json;+charset=utf-8 35.7595ms
2023-10-02 10:57:34.183 +01:00 [INF] Request starting HTTP/1.1 GET https://localhost:7134/api/MathExpression application/json 7
2023-10-02 10:57:34.192 +01:00 [INF] Executing endpoint 'StringIntegerCalculator_API.Controllers.MathExpressionController.Evaluate (StringIntegerCalculator_API)'
2023-10-02 10:57:34.192 +01:00 [INF] Route matched with {action = "Evaluate", controller = "MathExpression"}. Executing controller action with signature Microsoft.AspNetCore.Mvc.IActionResult Evaluate(System.String) on controller StringIntegerCalculator_API.Controllers.MathExpressionController (StringIntegerCalculator_API).
2023-10-02 10:57:34.196 +01:00 [INF] Executing BadRequestObjectResult, writing value of type 'Microsoft.AspNetCore.Mvc.ValidationProblemDetails'.
2023-10-02 10:57:34.196 +01:00 [INF] Executed action StringIntegerCalculator_API.Controllers.MathExpressionController.Evaluate (StringIntegerCalculator_API) in 3.8214ms
2023-10-02 10:57:34.196 +01:00 [INF] Executed endpoint 'StringIntegerCalculator_API.Controllers.MathExpressionController.Evaluate (StringIntegerCalculator_API)'
2023-10-02 10:57:34.197 +01:00 [INF] Request finished HTTP/1.1 GET https://localhost:7134/api/MathExpression application/json 7 - 400 - application/problem+json;+charset=utf-8 14.4818ms
2023-10-02 10:57:57.491 +01:00 [INF] Request starting HTTP/1.1 GET https://localhost:7134/api/MathExpression application/json 17
2023-10-02 10:57:57.492 +01:00 [INF] Executing endpoint 'StringIntegerCalculator_API.Controllers.MathExpressionController.Evaluate (StringIntegerCalculator_API)'
2023-10-02 10:57:57.492 +01:00 [INF] Route matched with {action = "Evaluate", controller = "MathExpression"}. Executing controller action with signature Microsoft.AspNetCore.Mvc.IActionResult Evaluate(System.String) on controller StringIntegerCalculator_API.Controllers.MathExpressionController (StringIntegerCalculator_API).
2023-10-02 10:57:57.493 +01:00 [INF] Executing BadRequestObjectResult, writing value of type 'Microsoft.AspNetCore.Mvc.ValidationProblemDetails'.
2023-10-02 10:57:57.493 +01:00 [INF] Executed action StringIntegerCalculator_API.Controllers.MathExpressionController.Evaluate (StringIntegerCalculator_API) in 0.5777ms
2023-10-02 10:57:57.493 +01:00 [INF] Executed endpoint 'StringIntegerCalculator_API.Controllers.MathExpressionController.Evaluate (StringIntegerCalculator_API)'
2023-10-02 10:57:57.493 +01:00 [INF] Request finished HTTP/1.1 GET https://localhost:7134/api/MathExpression application/json 17 - 400 - application/problem+json;+charset=utf-8 1.8433ms
2023-10-02 10:58:33.789 +01:00 [INF] Request starting HTTP/1.1 GET https://localhost:7134/api/MathExpression application/json 23
2023-10-02 10:58:33.832 +01:00 [INF] Executing endpoint 'StringIntegerCalculator_API.Controllers.MathExpressionController.Evaluate (StringIntegerCalculator_API)'
2023-10-02 10:58:33.832 +01:00 [INF] Route matched with {action = "Evaluate", controller = "MathExpression"}. Executing controller action with signature Microsoft.AspNetCore.Mvc.IActionResult Evaluate(System.String) on controller StringIntegerCalculator_API.Controllers.MathExpressionController (StringIntegerCalculator_API).
2023-10-02 10:58:33.832 +01:00 [INF] Executing BadRequestObjectResult, writing value of type 'Microsoft.AspNetCore.Mvc.ValidationProblemDetails'.
2023-10-02 10:58:33.832 +01:00 [INF] Executed action StringIntegerCalculator_API.Controllers.MathExpressionController.Evaluate (StringIntegerCalculator_API) in 0.4522ms
2023-10-02 10:58:33.833 +01:00 [INF] Executed endpoint 'StringIntegerCalculator_API.Controllers.MathExpressionController.Evaluate (StringIntegerCalculator_API)'
2023-10-02 10:58:33.833 +01:00 [INF] Request finished HTTP/1.1 GET https://localhost:7134/api/MathExpression application/json 23 - 400 - application/problem+json;+charset=utf-8 44.4028ms
2023-10-02 11:00:57.435 +01:00 [INF] Request starting HTTP/1.1 POST https://localhost:7134/api/Authentication/login application/json 51
2023-10-02 11:00:57.437 +01:00 [INF] Executing endpoint 'StringIntegerCalculator_API.Controllers.AuthenticationController.Login (StringIntegerCalculator_API)'
2023-10-02 11:00:57.441 +01:00 [INF] Route matched with {action = "Login", controller = "Authentication"}. Executing controller action with signature Microsoft.AspNetCore.Mvc.ActionResult Login(StringCalculator.Core.Entities.LoginModel) on controller StringIntegerCalculator_API.Controllers.AuthenticationController (StringIntegerCalculator_API).
2023-10-02 11:00:59.164 +01:00 [INF] Executing OkObjectResult, writing value of type '<>f__AnonymousType0`1[[System.String, System.Private.CoreLib, Version=7.0.0.0, Culture=neutral, PublicKeyToken=7cec85d7bea7798e]]'.
2023-10-02 11:00:59.165 +01:00 [INF] Executed action StringIntegerCalculator_API.Controllers.AuthenticationController.Login (StringIntegerCalculator_API) in 1723.641ms
2023-10-02 11:00:59.165 +01:00 [INF] Executed endpoint 'StringIntegerCalculator_API.Controllers.AuthenticationController.Login (StringIntegerCalculator_API)'
2023-10-02 11:00:59.165 +01:00 [INF] Request finished HTTP/1.1 POST https://localhost:7134/api/Authentication/login application/json 51 - 200 - application/json;+charset=utf-8 1729.7709ms
2023-10-02 11:02:40.945 +01:00 [INF] Request starting HTTP/1.1 GET https://localhost:7134/api/MathExpression?expression=4+5*2 application/json 10
2023-10-02 11:02:40.955 +01:00 [INF] Executing endpoint 'StringIntegerCalculator_API.Controllers.MathExpressionController.Evaluate (StringIntegerCalculator_API)'
2023-10-02 11:02:40.955 +01:00 [INF] Route matched with {action = "Evaluate", controller = "MathExpression"}. Executing controller action with signature Microsoft.AspNetCore.Mvc.IActionResult Evaluate(System.String) on controller StringIntegerCalculator_API.Controllers.MathExpressionController (StringIntegerCalculator_API).
2023-10-02 11:02:46.904 +01:00 [INF] Executing BadRequestObjectResult, writing value of type 'StringIntegerCalculator_API.Exceptions.APIResponce'.
2023-10-02 11:02:46.907 +01:00 [INF] Executed action StringIntegerCalculator_API.Controllers.MathExpressionController.Evaluate (StringIntegerCalculator_API) in 5951.3341ms
2023-10-02 11:02:46.907 +01:00 [INF] Executed endpoint 'StringIntegerCalculator_API.Controllers.MathExpressionController.Evaluate (StringIntegerCalculator_API)'
2023-10-02 11:02:46.907 +01:00 [INF] Request finished HTTP/1.1 GET https://localhost:7134/api/MathExpression?expression=4+5*2 application/json 10 - 400 - application/json;+charset=utf-8 5961.9841ms
2023-10-02 11:03:00.008 +01:00 [INF] Request starting HTTP/1.1 GET https://localhost:7134/api/MathExpression?expression=4+5*2 application/json 10
2023-10-02 11:03:00.010 +01:00 [INF] Executing endpoint 'StringIntegerCalculator_API.Controllers.MathExpressionController.Evaluate (StringIntegerCalculator_API)'
2023-10-02 11:03:00.010 +01:00 [INF] Route matched with {action = "Evaluate", controller = "MathExpression"}. Executing controller action with signature Microsoft.AspNetCore.Mvc.IActionResult Evaluate(System.String) on controller StringIntegerCalculator_API.Controllers.MathExpressionController (StringIntegerCalculator_API).
2023-10-02 11:03:03.799 +01:00 [INF] Executing BadRequestObjectResult, writing value of type 'StringIntegerCalculator_API.Exceptions.APIResponce'.
2023-10-02 11:03:03.799 +01:00 [INF] Executed action StringIntegerCalculator_API.Controllers.MathExpressionController.Evaluate (StringIntegerCalculator_API) in 3788.8694ms
2023-10-02 11:03:03.799 +01:00 [INF] Executed endpoint 'StringIntegerCalculator_API.Controllers.MathExpressionController.Evaluate (StringIntegerCalculator_API)'
2023-10-02 11:03:03.800 +01:00 [INF] Request finished HTTP/1.1 GET https://localhost:7134/api/MathExpression?expression=4+5*2 application/json 10 - 400 - application/json;+charset=utf-8 3791.6383ms
2023-10-02 11:03:13.088 +01:00 [INF] Request starting HTTP/1.1 GET https://localhost:7134/api/MathExpression?expression=4+5*2 application/json 10
2023-10-02 11:03:13.088 +01:00 [INF] Executing endpoint 'StringIntegerCalculator_API.Controllers.MathExpressionController.Evaluate (StringIntegerCalculator_API)'
2023-10-02 11:03:13.089 +01:00 [INF] Route matched with {action = "Evaluate", controller = "MathExpression"}. Executing controller action with signature Microsoft.AspNetCore.Mvc.IActionResult Evaluate(System.String) on controller StringIntegerCalculator_API.Controllers.MathExpressionController (StringIntegerCalculator_API).
2023-10-02 11:03:24.022 +01:00 [INF] Executing BadRequestObjectResult, writing value of type 'StringIntegerCalculator_API.Exceptions.APIResponce'.
2023-10-02 11:03:24.023 +01:00 [INF] Executed action StringIntegerCalculator_API.Controllers.MathExpressionController.Evaluate (StringIntegerCalculator_API) in 10934.0506ms
2023-10-02 11:03:24.023 +01:00 [INF] Executed endpoint 'StringIntegerCalculator_API.Controllers.MathExpressionController.Evaluate (StringIntegerCalculator_API)'
2023-10-02 11:03:24.023 +01:00 [INF] Request finished HTTP/1.1 GET https://localhost:7134/api/MathExpression?expression=4+5*2 application/json 10 - 400 - application/json;+charset=utf-8 10935.5393ms
2023-10-02 11:03:37.295 +01:00 [INF] Request starting HTTP/1.1 GET https://localhost:7134/api/MathExpression?expression=4+5*2 application/json 10
2023-10-02 11:03:37.296 +01:00 [INF] Executing endpoint 'StringIntegerCalculator_API.Controllers.MathExpressionController.Evaluate (StringIntegerCalculator_API)'
2023-10-02 11:03:37.296 +01:00 [INF] Route matched with {action = "Evaluate", controller = "MathExpression"}. Executing controller action with signature Microsoft.AspNetCore.Mvc.IActionResult Evaluate(System.String) on controller StringIntegerCalculator_API.Controllers.MathExpressionController (StringIntegerCalculator_API).
2023-10-02 11:03:40.471 +01:00 [INF] Executing BadRequestObjectResult, writing value of type 'StringIntegerCalculator_API.Exceptions.APIResponce'.
2023-10-02 11:03:40.471 +01:00 [INF] Executed action StringIntegerCalculator_API.Controllers.MathExpressionController.Evaluate (StringIntegerCalculator_API) in 3175.1041ms
2023-10-02 11:03:40.471 +01:00 [INF] Executed endpoint 'StringIntegerCalculator_API.Controllers.MathExpressionController.Evaluate (StringIntegerCalculator_API)'
2023-10-02 11:03:40.472 +01:00 [INF] Request finished HTTP/1.1 GET https://localhost:7134/api/MathExpression?expression=4+5*2 application/json 10 - 400 - application/json;+charset=utf-8 3176.5279ms
2023-10-02 11:03:48.867 +01:00 [INF] Request starting HTTP/1.1 GET https://localhost:7134/api/MathExpression?expression=45+6 application/json 10
2023-10-02 11:03:48.877 +01:00 [INF] Executing endpoint 'StringIntegerCalculator_API.Controllers.MathExpressionController.Evaluate (StringIntegerCalculator_API)'
2023-10-02 11:03:48.877 +01:00 [INF] Route matched with {action = "Evaluate", controller = "MathExpression"}. Executing controller action with signature Microsoft.AspNetCore.Mvc.IActionResult Evaluate(System.String) on controller StringIntegerCalculator_API.Controllers.MathExpressionController (StringIntegerCalculator_API).
2023-10-02 11:03:52.422 +01:00 [INF] Executing BadRequestObjectResult, writing value of type 'StringIntegerCalculator_API.Exceptions.APIResponce'.
2023-10-02 11:03:52.422 +01:00 [INF] Executed action StringIntegerCalculator_API.Controllers.MathExpressionController.Evaluate (StringIntegerCalculator_API) in 3544.3439ms
2023-10-02 11:03:52.422 +01:00 [INF] Executed endpoint 'StringIntegerCalculator_API.Controllers.MathExpressionController.Evaluate (StringIntegerCalculator_API)'
2023-10-02 11:03:52.422 +01:00 [INF] Request finished HTTP/1.1 GET https://localhost:7134/api/MathExpression?expression=45+6 application/json 10 - 400 - application/json;+charset=utf-8 3554.5708ms
2023-10-02 11:03:59.831 +01:00 [INF] Request starting HTTP/1.1 GET https://localhost:7134/api/MathExpression?expression=45*6 application/json 10
2023-10-02 11:03:59.878 +01:00 [INF] Executing endpoint 'StringIntegerCalculator_API.Controllers.MathExpressionController.Evaluate (StringIntegerCalculator_API)'
2023-10-02 11:03:59.879 +01:00 [INF] Route matched with {action = "Evaluate", controller = "MathExpression"}. Executing controller action with signature Microsoft.AspNetCore.Mvc.IActionResult Evaluate(System.String) on controller StringIntegerCalculator_API.Controllers.MathExpressionController (StringIntegerCalculator_API).
2023-10-02 11:04:05.722 +01:00 [INF] Executing OkObjectResult, writing value of type '<>f__AnonymousType1`2[[System.String, System.Private.CoreLib, Version=7.0.0.0, Culture=neutral, PublicKeyToken=7cec85d7bea7798e],[System.Double, System.Private.CoreLib, Version=7.0.0.0, Culture=neutral, PublicKeyToken=7cec85d7bea7798e]]'.
2023-10-02 11:04:05.731 +01:00 [INF] Executed action StringIntegerCalculator_API.Controllers.MathExpressionController.Evaluate (StringIntegerCalculator_API) in 5852.6414ms
2023-10-02 11:04:05.732 +01:00 [INF] Executed endpoint 'StringIntegerCalculator_API.Controllers.MathExpressionController.Evaluate (StringIntegerCalculator_API)'
2023-10-02 11:04:05.732 +01:00 [INF] Request finished HTTP/1.1 GET https://localhost:7134/api/MathExpression?expression=45*6 application/json 10 - 200 - application/json;+charset=utf-8 5900.6006ms
2023-10-02 11:04:35.478 +01:00 [INF] Request starting HTTP/1.1 GET https://localhost:7134/api/MathExpression application/json 10
2023-10-02 11:04:35.479 +01:00 [INF] Executing endpoint 'StringIntegerCalculator_API.Controllers.MathExpressionController.Evaluate (StringIntegerCalculator_API)'
2023-10-02 11:04:35.479 +01:00 [INF] Route matched with {action = "Evaluate", controller = "MathExpression"}. Executing controller action with signature Microsoft.AspNetCore.Mvc.IActionResult Evaluate(System.String) on controller StringIntegerCalculator_API.Controllers.MathExpressionController (StringIntegerCalculator_API).
2023-10-02 11:04:35.480 +01:00 [INF] Executing BadRequestObjectResult, writing value of type 'Microsoft.AspNetCore.Mvc.ValidationProblemDetails'.
2023-10-02 11:04:35.480 +01:00 [INF] Executed action StringIntegerCalculator_API.Controllers.MathExpressionController.Evaluate (StringIntegerCalculator_API) in 0.7398ms
2023-10-02 11:04:35.480 +01:00 [INF] Executed endpoint 'StringIntegerCalculator_API.Controllers.MathExpressionController.Evaluate (StringIntegerCalculator_API)'
2023-10-02 11:04:35.480 +01:00 [INF] Request finished HTTP/1.1 GET https://localhost:7134/api/MathExpression application/json 10 - 400 - application/problem+json;+charset=utf-8 1.6205ms
2023-10-02 11:04:49.379 +01:00 [INF] Request starting HTTP/1.1 GET https://localhost:7134/api/MathExpression?expression=45*6 application/json 10
2023-10-02 11:04:49.380 +01:00 [INF] Authorization failed. These requirements were not met:
DenyAnonymousAuthorizationRequirement: Requires an authenticated user.
2023-10-02 11:04:49.380 +01:00 [INF] AuthenticationScheme: Bearer was challenged.
2023-10-02 11:04:49.380 +01:00 [INF] Request finished HTTP/1.1 GET https://localhost:7134/api/MathExpression?expression=45*6 application/json 10 - 401 0 - 1.2743ms
2023-10-02 11:04:53.492 +01:00 [INF] Request starting HTTP/1.1 GET https://localhost:7134/api/MathExpression?expression=45*6 application/json 10
2023-10-02 11:04:53.492 +01:00 [INF] Authorization failed. These requirements were not met:
DenyAnonymousAuthorizationRequirement: Requires an authenticated user.
2023-10-02 11:04:53.492 +01:00 [INF] AuthenticationScheme: Bearer was challenged.
2023-10-02 11:04:53.493 +01:00 [INF] Request finished HTTP/1.1 GET https://localhost:7134/api/MathExpression?expression=45*6 application/json 10 - 401 0 - 0.4448ms
